
[2020-06-14 09:42:01.937538] [envia: status] : b'DGT Board Driver version 1.51 (2010.10.15)' [None]
    File "C:\Program Files\JetBrains\PyCharm Community Edition 2019.2.1\plugins\python-ce\helpers\pydev\pydevd.py", line 2131, in <module>
    main()
    File "C:\Program Files\JetBrains\PyCharm Community Edition 2019.2.1\plugins\python-ce\helpers\pydev\pydevd.py", line 2122, in main
    globals = debugger.run(setup['file'], None, None, is_module)
    File "C:\Program Files\JetBrains\PyCharm Community Edition 2019.2.1\plugins\python-ce\helpers\pydev\pydevd.py", line 1431, in run
    return self._exec(is_module, entry_point_fn, module_name, file, globals, locals)
    File "C:\Program Files\JetBrains\PyCharm Community Edition 2019.2.1\plugins\python-ce\helpers\pydev\pydevd.py", line 1438, in _exec
    pydev_imports.execfile(file, globals, locals)  # execute the script
    File "C:\Program Files\JetBrains\PyCharm Community Edition 2019.2.1\plugins\python-ce\helpers\pydev\_pydev_imps\_pydev_execfile.py", line 18, in execfile
    exec(compile(contents+"\n", file, 'exec'), glob, loc)
    File "C:/lucaschess/pyLCR/bin/LucasR.py", line 18, in <module>
    Code.Init.init()
    File "C:\lucaschess\pyLCR\bin\Code\Init.py", line 22, in init
    resp = Gui.run_gui(main_procesador)
    File "C:\lucaschess\pyLCR\bin\Code\QT\Gui.py", line 141, in run_gui
    resp = app.exec_()
    File "C:\lucaschess\pyLCR\bin\Code\QT\WBase.py", line 291, in run_action
    self.gestor.run_action(self.sender().clave)
    File "C:\lucaschess\pyLCR\bin\Code\Procesador.py", line 500, in run_action
    self.menuplay()
    File "C:\lucaschess\pyLCR\bin\Code\Procesador.py", line 343, in menuplay
    self.menuPlay_run(resp)
    File "C:\lucaschess\pyLCR\bin\Code\Procesador.py", line 348, in menuPlay_run
    self.libre()
    File "C:\lucaschess\pyLCR\bin\Code\Procesador.py", line 819, in libre
    self.entrenaMaquina(dic)
    File "C:\lucaschess\pyLCR\bin\Code\Procesador.py", line 824, in entrenaMaquina
    self.gestor = GestorEntMaq.GestorEntMaq(self)
    File "C:\lucaschess\pyLCR\bin\Code\Gestor.py", line 115, in __init__
    self.compruebaDGT()
    File "C:\lucaschess\pyLCR\bin\Code\Gestor.py", line 1119, in compruebaDGT
    if not DGT.activarSegunON_OFF(self.dgt):  # Error
    File "C:\lucaschess\pyLCR\bin\Code\DGT.py", line 16, in activarSegunON_OFF
    if activar():
    File "C:\lucaschess\pyLCR\bin\Code\DGT.py", line 122, in activar
    dgt._DGTDLL_RegisterStatusFunc(st)
    File "C:\lucaschess\pyLCR\bin\Code\DGT.py", line 76, in registerStatusFunc
    envia("status", dato)
    File "C:\lucaschess\pyLCR\bin\Code\DGT.py", line 49, in envia
    log("[envia: %s] : %s [%s]"%(str(quien), str(dato), str(Code.dgtDispatch)))
    File "C:\lucaschess\pyLCR\bin\Code\DGT.py", line 69, in log
    for line in traceback.format_stack():

[2020-06-14 09:42:01.966565] [envia: status] : b'please select the port that your electronic board is connected to' [None]
    File "C:\Program Files\JetBrains\PyCharm Community Edition 2019.2.1\plugins\python-ce\helpers\pydev\pydevd.py", line 2131, in <module>
    main()
    File "C:\Program Files\JetBrains\PyCharm Community Edition 2019.2.1\plugins\python-ce\helpers\pydev\pydevd.py", line 2122, in main
    globals = debugger.run(setup['file'], None, None, is_module)
    File "C:\Program Files\JetBrains\PyCharm Community Edition 2019.2.1\plugins\python-ce\helpers\pydev\pydevd.py", line 1431, in run
    return self._exec(is_module, entry_point_fn, module_name, file, globals, locals)
    File "C:\Program Files\JetBrains\PyCharm Community Edition 2019.2.1\plugins\python-ce\helpers\pydev\pydevd.py", line 1438, in _exec
    pydev_imports.execfile(file, globals, locals)  # execute the script
    File "C:\Program Files\JetBrains\PyCharm Community Edition 2019.2.1\plugins\python-ce\helpers\pydev\_pydev_imps\_pydev_execfile.py", line 18, in execfile
    exec(compile(contents+"\n", file, 'exec'), glob, loc)
    File "C:/lucaschess/pyLCR/bin/LucasR.py", line 18, in <module>
    Code.Init.init()
    File "C:\lucaschess\pyLCR\bin\Code\Init.py", line 22, in init
    resp = Gui.run_gui(main_procesador)
    File "C:\lucaschess\pyLCR\bin\Code\QT\Gui.py", line 141, in run_gui
    resp = app.exec_()
    File "C:\lucaschess\pyLCR\bin\Code\QT\WBase.py", line 291, in run_action
    self.gestor.run_action(self.sender().clave)
    File "C:\lucaschess\pyLCR\bin\Code\Procesador.py", line 500, in run_action
    self.menuplay()
    File "C:\lucaschess\pyLCR\bin\Code\Procesador.py", line 343, in menuplay
    self.menuPlay_run(resp)
    File "C:\lucaschess\pyLCR\bin\Code\Procesador.py", line 348, in menuPlay_run
    self.libre()
    File "C:\lucaschess\pyLCR\bin\Code\Procesador.py", line 819, in libre
    self.entrenaMaquina(dic)
    File "C:\lucaschess\pyLCR\bin\Code\Procesador.py", line 824, in entrenaMaquina
    self.gestor = GestorEntMaq.GestorEntMaq(self)
    File "C:\lucaschess\pyLCR\bin\Code\Gestor.py", line 115, in __init__
    self.compruebaDGT()
    File "C:\lucaschess\pyLCR\bin\Code\Gestor.py", line 1119, in compruebaDGT
    if not DGT.activarSegunON_OFF(self.dgt):  # Error
    File "C:\lucaschess\pyLCR\bin\Code\DGT.py", line 16, in activarSegunON_OFF
    if activar():
    File "C:\lucaschess\pyLCR\bin\Code\DGT.py", line 122, in activar
    dgt._DGTDLL_RegisterStatusFunc(st)
    File "C:\lucaschess\pyLCR\bin\Code\DGT.py", line 76, in registerStatusFunc
    envia("status", dato)
    File "C:\lucaschess\pyLCR\bin\Code\DGT.py", line 49, in envia
    log("[envia: %s] : %s [%s]"%(str(quien), str(dato), str(Code.dgtDispatch)))
    File "C:\lucaschess\pyLCR\bin\Code\DGT.py", line 69, in log
    for line in traceback.format_stack():

[2020-06-14 09:42:29.882968] [envia: status] : b'DGT Board Driver version 1.51 (2010.10.15)' [None]
    File "C:/lucaschess/pyLCR/bin/LucasR.py", line 18, in <module>
    Code.Init.init()
    File "C:\lucaschess\pyLCR\bin\Code\Init.py", line 22, in init
    resp = Gui.run_gui(main_procesador)
    File "C:\lucaschess\pyLCR\bin\Code\QT\Gui.py", line 141, in run_gui
    resp = app.exec_()
    File "C:\lucaschess\pyLCR\bin\Code\QT\WBase.py", line 291, in run_action
    self.gestor.run_action(self.sender().clave)
    File "C:\lucaschess\pyLCR\bin\Code\Procesador.py", line 500, in run_action
    self.menuplay()
    File "C:\lucaschess\pyLCR\bin\Code\Procesador.py", line 343, in menuplay
    self.menuPlay_run(resp)
    File "C:\lucaschess\pyLCR\bin\Code\Procesador.py", line 348, in menuPlay_run
    self.libre()
    File "C:\lucaschess\pyLCR\bin\Code\Procesador.py", line 819, in libre
    self.entrenaMaquina(dic)
    File "C:\lucaschess\pyLCR\bin\Code\Procesador.py", line 824, in entrenaMaquina
    self.gestor = GestorEntMaq.GestorEntMaq(self)
    File "C:\lucaschess\pyLCR\bin\Code\Gestor.py", line 115, in __init__
    self.compruebaDGT()
    File "C:\lucaschess\pyLCR\bin\Code\Gestor.py", line 1119, in compruebaDGT
    if not DGT.activarSegunON_OFF(self.dgt):  # Error
    File "C:\lucaschess\pyLCR\bin\Code\DGT.py", line 16, in activarSegunON_OFF
    if activar():
    File "C:\lucaschess\pyLCR\bin\Code\DGT.py", line 122, in activar
    dgt._DGTDLL_RegisterStatusFunc(st)
    File "C:\lucaschess\pyLCR\bin\Code\DGT.py", line 76, in registerStatusFunc
    envia("status", dato)
    File "C:\lucaschess\pyLCR\bin\Code\DGT.py", line 49, in envia
    log("[envia: %s] : %s [%s]"%(str(quien), str(dato), str(Code.dgtDispatch)))
    File "C:\lucaschess\pyLCR\bin\Code\DGT.py", line 69, in log
    for line in traceback.format_stack():

[2020-06-14 09:42:29.907987] [envia: status] : b'please select the port that your electronic board is connected to' [None]
    File "C:/lucaschess/pyLCR/bin/LucasR.py", line 18, in <module>
    Code.Init.init()
    File "C:\lucaschess\pyLCR\bin\Code\Init.py", line 22, in init
    resp = Gui.run_gui(main_procesador)
    File "C:\lucaschess\pyLCR\bin\Code\QT\Gui.py", line 141, in run_gui
    resp = app.exec_()
    File "C:\lucaschess\pyLCR\bin\Code\QT\WBase.py", line 291, in run_action
    self.gestor.run_action(self.sender().clave)
    File "C:\lucaschess\pyLCR\bin\Code\Procesador.py", line 500, in run_action
    self.menuplay()
    File "C:\lucaschess\pyLCR\bin\Code\Procesador.py", line 343, in menuplay
    self.menuPlay_run(resp)
    File "C:\lucaschess\pyLCR\bin\Code\Procesador.py", line 348, in menuPlay_run
    self.libre()
    File "C:\lucaschess\pyLCR\bin\Code\Procesador.py", line 819, in libre
    self.entrenaMaquina(dic)
    File "C:\lucaschess\pyLCR\bin\Code\Procesador.py", line 824, in entrenaMaquina
    self.gestor = GestorEntMaq.GestorEntMaq(self)
    File "C:\lucaschess\pyLCR\bin\Code\Gestor.py", line 115, in __init__
    self.compruebaDGT()
    File "C:\lucaschess\pyLCR\bin\Code\Gestor.py", line 1119, in compruebaDGT
    if not DGT.activarSegunON_OFF(self.dgt):  # Error
    File "C:\lucaschess\pyLCR\bin\Code\DGT.py", line 16, in activarSegunON_OFF
    if activar():
    File "C:\lucaschess\pyLCR\bin\Code\DGT.py", line 122, in activar
    dgt._DGTDLL_RegisterStatusFunc(st)
    File "C:\lucaschess\pyLCR\bin\Code\DGT.py", line 76, in registerStatusFunc
    envia("status", dato)
    File "C:\lucaschess\pyLCR\bin\Code\DGT.py", line 49, in envia
    log("[envia: %s] : %s [%s]"%(str(quien), str(dato), str(Code.dgtDispatch)))
    File "C:\lucaschess\pyLCR\bin\Code\DGT.py", line 69, in log
    for line in traceback.format_stack():

[2020-06-14 09:56:10.302669] [envia: status] : b'DGT Board Driver version 1.51 (2010.10.15)' [None]
    File "C:/lucaschess/pyLCR/bin/LucasR.py", line 18, in <module>
    Code.Init.init()
    File "C:\lucaschess\pyLCR\bin\Code\Init.py", line 22, in init
    resp = Gui.run_gui(main_procesador)
    File "C:\lucaschess\pyLCR\bin\Code\QT\Gui.py", line 141, in run_gui
    resp = app.exec_()
    File "C:\lucaschess\pyLCR\bin\Code\QT\WBase.py", line 291, in run_action
    self.gestor.run_action(self.sender().clave)
    File "C:\lucaschess\pyLCR\bin\Code\Procesador.py", line 500, in run_action
    self.menuplay()
    File "C:\lucaschess\pyLCR\bin\Code\Procesador.py", line 343, in menuplay
    self.menuPlay_run(resp)
    File "C:\lucaschess\pyLCR\bin\Code\Procesador.py", line 348, in menuPlay_run
    self.libre()
    File "C:\lucaschess\pyLCR\bin\Code\Procesador.py", line 819, in libre
    self.entrenaMaquina(dic)
    File "C:\lucaschess\pyLCR\bin\Code\Procesador.py", line 824, in entrenaMaquina
    self.gestor = GestorEntMaq.GestorEntMaq(self)
    File "C:\lucaschess\pyLCR\bin\Code\Gestor.py", line 115, in __init__
    self.compruebaDGT()
    File "C:\lucaschess\pyLCR\bin\Code\Gestor.py", line 1119, in compruebaDGT
    if not DGT.activarSegunON_OFF(self.dgt):  # Error
    File "C:\lucaschess\pyLCR\bin\Code\DGT.py", line 16, in activarSegunON_OFF
    if activar():
    File "C:\lucaschess\pyLCR\bin\Code\DGT.py", line 122, in activar
    dgt._DGTDLL_RegisterStatusFunc(st)
    File "C:\lucaschess\pyLCR\bin\Code\DGT.py", line 76, in registerStatusFunc
    envia("status", dato)
    File "C:\lucaschess\pyLCR\bin\Code\DGT.py", line 49, in envia
    log("[envia: %s] : %s [%s]"%(str(quien), str(dato), str(Code.dgtDispatch)))
    File "C:\lucaschess\pyLCR\bin\Code\DGT.py", line 69, in log
    for line in traceback.format_stack():

[2020-06-14 09:56:10.328694] [envia: status] : b'please select the port that your electronic board is connected to' [None]
    File "C:/lucaschess/pyLCR/bin/LucasR.py", line 18, in <module>
    Code.Init.init()
    File "C:\lucaschess\pyLCR\bin\Code\Init.py", line 22, in init
    resp = Gui.run_gui(main_procesador)
    File "C:\lucaschess\pyLCR\bin\Code\QT\Gui.py", line 141, in run_gui
    resp = app.exec_()
    File "C:\lucaschess\pyLCR\bin\Code\QT\WBase.py", line 291, in run_action
    self.gestor.run_action(self.sender().clave)
    File "C:\lucaschess\pyLCR\bin\Code\Procesador.py", line 500, in run_action
    self.menuplay()
    File "C:\lucaschess\pyLCR\bin\Code\Procesador.py", line 343, in menuplay
    self.menuPlay_run(resp)
    File "C:\lucaschess\pyLCR\bin\Code\Procesador.py", line 348, in menuPlay_run
    self.libre()
    File "C:\lucaschess\pyLCR\bin\Code\Procesador.py", line 819, in libre
    self.entrenaMaquina(dic)
    File "C:\lucaschess\pyLCR\bin\Code\Procesador.py", line 824, in entrenaMaquina
    self.gestor = GestorEntMaq.GestorEntMaq(self)
    File "C:\lucaschess\pyLCR\bin\Code\Gestor.py", line 115, in __init__
    self.compruebaDGT()
    File "C:\lucaschess\pyLCR\bin\Code\Gestor.py", line 1119, in compruebaDGT
    if not DGT.activarSegunON_OFF(self.dgt):  # Error
    File "C:\lucaschess\pyLCR\bin\Code\DGT.py", line 16, in activarSegunON_OFF
    if activar():
    File "C:\lucaschess\pyLCR\bin\Code\DGT.py", line 122, in activar
    dgt._DGTDLL_RegisterStatusFunc(st)
    File "C:\lucaschess\pyLCR\bin\Code\DGT.py", line 76, in registerStatusFunc
    envia("status", dato)
    File "C:\lucaschess\pyLCR\bin\Code\DGT.py", line 49, in envia
    log("[envia: %s] : %s [%s]"%(str(quien), str(dato), str(Code.dgtDispatch)))
    File "C:\lucaschess\pyLCR\bin\Code\DGT.py", line 69, in log
    for line in traceback.format_stack():

[2020-06-14 09:56:10.415505] Enviado a la DGT1n2k4p2ppp21P3R1Q2N1R1PPP1PP2NB1KB
    File "C:/lucaschess/pyLCR/bin/LucasR.py", line 18, in <module>
    Code.Init.init()
    File "C:\lucaschess\pyLCR\bin\Code\Init.py", line 22, in init
    resp = Gui.run_gui(main_procesador)
    File "C:\lucaschess\pyLCR\bin\Code\QT\Gui.py", line 141, in run_gui
    resp = app.exec_()
    File "C:\lucaschess\pyLCR\bin\Code\QT\WBase.py", line 291, in run_action
    self.gestor.run_action(self.sender().clave)
    File "C:\lucaschess\pyLCR\bin\Code\Procesador.py", line 500, in run_action
    self.menuplay()
    File "C:\lucaschess\pyLCR\bin\Code\Procesador.py", line 343, in menuplay
    self.menuPlay_run(resp)
    File "C:\lucaschess\pyLCR\bin\Code\Procesador.py", line 348, in menuPlay_run
    self.libre()
    File "C:\lucaschess\pyLCR\bin\Code\Procesador.py", line 819, in libre
    self.entrenaMaquina(dic)
    File "C:\lucaschess\pyLCR\bin\Code\Procesador.py", line 829, in entrenaMaquina
    self.gestor.inicio(dic)
    File "C:\lucaschess\pyLCR\bin\Code\GestorEntMaq.py", line 74, in inicio
    self.base_inicio(dic_var)
    File "C:\lucaschess\pyLCR\bin\Code\GestorEntMaq.py", line 260, in base_inicio
    self.dgt_setposition()
    File "C:\lucaschess\pyLCR\bin\Code\Gestor.py", line 1146, in dgt_setposition
    DGT.ponPosicion(self.game)
    File "C:\lucaschess\pyLCR\bin\Code\DGT.py", line 57, in ponPosicion
    writePosition(game.last_position.fenDGT())
    File "C:\lucaschess\pyLCR\bin\Code\DGT.py", line 192, in writePosition
    log( "Enviado a la DGT" + cposicion )
    File "C:\lucaschess\pyLCR\bin\Code\DGT.py", line 69, in log
    for line in traceback.format_stack():

[2020-06-14 09:56:10.415505] [envia: status] : b'position set to 1' [<bound method Gestor.dgt of <Code.GestorEntMaq.GestorEntMaq object at 0x053647B0>>]
    File "C:/lucaschess/pyLCR/bin/LucasR.py", line 18, in <module>
    Code.Init.init()
    File "C:\lucaschess\pyLCR\bin\Code\Init.py", line 22, in init
    resp = Gui.run_gui(main_procesador)
    File "C:\lucaschess\pyLCR\bin\Code\QT\Gui.py", line 141, in run_gui
    resp = app.exec_()
    File "C:\lucaschess\pyLCR\bin\Code\QT\WBase.py", line 291, in run_action
    self.gestor.run_action(self.sender().clave)
    File "C:\lucaschess\pyLCR\bin\Code\Procesador.py", line 500, in run_action
    self.menuplay()
    File "C:\lucaschess\pyLCR\bin\Code\Procesador.py", line 343, in menuplay
    self.menuPlay_run(resp)
    File "C:\lucaschess\pyLCR\bin\Code\Procesador.py", line 348, in menuPlay_run
    self.libre()
    File "C:\lucaschess\pyLCR\bin\Code\Procesador.py", line 819, in libre
    self.entrenaMaquina(dic)
    File "C:\lucaschess\pyLCR\bin\Code\Procesador.py", line 829, in entrenaMaquina
    self.gestor.inicio(dic)
    File "C:\lucaschess\pyLCR\bin\Code\GestorEntMaq.py", line 74, in inicio
    self.base_inicio(dic_var)
    File "C:\lucaschess\pyLCR\bin\Code\GestorEntMaq.py", line 260, in base_inicio
    self.dgt_setposition()
    File "C:\lucaschess\pyLCR\bin\Code\Gestor.py", line 1146, in dgt_setposition
    DGT.ponPosicion(self.game)
    File "C:\lucaschess\pyLCR\bin\Code\DGT.py", line 57, in ponPosicion
    writePosition(game.last_position.fenDGT())
    File "C:\lucaschess\pyLCR\bin\Code\DGT.py", line 194, in writePosition
    dgt._DGTDLL_WritePosition(cposicion)
    File "C:\lucaschess\pyLCR\bin\Code\DGT.py", line 76, in registerStatusFunc
    envia("status", dato)
    File "C:\lucaschess\pyLCR\bin\Code\DGT.py", line 49, in envia
    log("[envia: %s] : %s [%s]"%(str(quien), str(dato), str(Code.dgtDispatch)))
    File "C:\lucaschess\pyLCR\bin\Code\DGT.py", line 69, in log
    for line in traceback.format_stack():

[2020-06-14 10:20:38.946957] [envia: status] : b'DGT Board Driver version 1.51 (2010.10.15)' [None]
    File "C:/lucaschess/pyLCR/bin/LucasR.py", line 18, in <module>
    Code.Init.init()
    File "C:\lucaschess\pyLCR\bin\Code\Init.py", line 22, in init
    resp = Gui.run_gui(main_procesador)
    File "C:\lucaschess\pyLCR\bin\Code\QT\Gui.py", line 141, in run_gui
    resp = app.exec_()
    File "C:\lucaschess\pyLCR\bin\Code\QT\WBase.py", line 291, in run_action
    self.gestor.run_action(self.sender().clave)
    File "C:\lucaschess\pyLCR\bin\Code\Procesador.py", line 512, in run_action
    self.menu_tools()
    File "C:\lucaschess\pyLCR\bin\Code\Procesador.py", line 665, in menu_tools
    self.menuTools_run(resp)
    File "C:\lucaschess\pyLCR\bin\Code\Procesador.py", line 699, in menuTools_run
    self.database(accion, valor)
    File "C:\lucaschess\pyLCR\bin\Code\Procesador.py", line 793, in database
    if w.exec_():
    File "C:\lucaschess\pyLCR\bin\Code\QT\Grid.py", line 371, in mouseDoubleClickEvent
    self.wParent.grid_doble_click(self, fil, columna)
    File "C:\lucaschess\pyLCR\bin\Code\Databases\WDB_Games.py", line 220, in grid_doble_click
    self.tw_editar()
    File "C:\lucaschess\pyLCR\bin\Code\Databases\WDB_Games.py", line 384, in tw_editar
    self.editar(recno, game)
    File "C:\lucaschess\pyLCR\bin\Code\Databases\WDB_Games.py", line 352, in editar
    game = self.procesador.gestorPartida(self, game, not self.dbGames.allows_positions, self.infoMove.tablero)
    File "C:\lucaschess\pyLCR\bin\Code\Procesador.py", line 1095, in gestorPartida
    clonProcesador.gestor = GestorPartida.GestorPartida(clonProcesador)
    File "C:\lucaschess\pyLCR\bin\Code\Gestor.py", line 115, in __init__
    self.compruebaDGT()
    File "C:\lucaschess\pyLCR\bin\Code\Gestor.py", line 1119, in compruebaDGT
    if not DGT.activarSegunON_OFF(self.dgt):  # Error
    File "C:\lucaschess\pyLCR\bin\Code\DGT.py", line 16, in activarSegunON_OFF
    if activar():
    File "C:\lucaschess\pyLCR\bin\Code\DGT.py", line 122, in activar
    dgt._DGTDLL_RegisterStatusFunc(st)
    File "C:\lucaschess\pyLCR\bin\Code\DGT.py", line 76, in registerStatusFunc
    envia("status", dato)
    File "C:\lucaschess\pyLCR\bin\Code\DGT.py", line 49, in envia
    log("[envia: %s] : %s [%s]"%(str(quien), str(dato), str(Code.dgtDispatch)))
    File "C:\lucaschess\pyLCR\bin\Code\DGT.py", line 69, in log
    for line in traceback.format_stack():

[2020-06-14 10:20:38.975997] [envia: status] : b'please select the port that your electronic board is connected to' [None]
    File "C:/lucaschess/pyLCR/bin/LucasR.py", line 18, in <module>
    Code.Init.init()
    File "C:\lucaschess\pyLCR\bin\Code\Init.py", line 22, in init
    resp = Gui.run_gui(main_procesador)
    File "C:\lucaschess\pyLCR\bin\Code\QT\Gui.py", line 141, in run_gui
    resp = app.exec_()
    File "C:\lucaschess\pyLCR\bin\Code\QT\WBase.py", line 291, in run_action
    self.gestor.run_action(self.sender().clave)
    File "C:\lucaschess\pyLCR\bin\Code\Procesador.py", line 512, in run_action
    self.menu_tools()
    File "C:\lucaschess\pyLCR\bin\Code\Procesador.py", line 665, in menu_tools
    self.menuTools_run(resp)
    File "C:\lucaschess\pyLCR\bin\Code\Procesador.py", line 699, in menuTools_run
    self.database(accion, valor)
    File "C:\lucaschess\pyLCR\bin\Code\Procesador.py", line 793, in database
    if w.exec_():
    File "C:\lucaschess\pyLCR\bin\Code\QT\Grid.py", line 371, in mouseDoubleClickEvent
    self.wParent.grid_doble_click(self, fil, columna)
    File "C:\lucaschess\pyLCR\bin\Code\Databases\WDB_Games.py", line 220, in grid_doble_click
    self.tw_editar()
    File "C:\lucaschess\pyLCR\bin\Code\Databases\WDB_Games.py", line 384, in tw_editar
    self.editar(recno, game)
    File "C:\lucaschess\pyLCR\bin\Code\Databases\WDB_Games.py", line 352, in editar
    game = self.procesador.gestorPartida(self, game, not self.dbGames.allows_positions, self.infoMove.tablero)
    File "C:\lucaschess\pyLCR\bin\Code\Procesador.py", line 1095, in gestorPartida
    clonProcesador.gestor = GestorPartida.GestorPartida(clonProcesador)
    File "C:\lucaschess\pyLCR\bin\Code\Gestor.py", line 115, in __init__
    self.compruebaDGT()
    File "C:\lucaschess\pyLCR\bin\Code\Gestor.py", line 1119, in compruebaDGT
    if not DGT.activarSegunON_OFF(self.dgt):  # Error
    File "C:\lucaschess\pyLCR\bin\Code\DGT.py", line 16, in activarSegunON_OFF
    if activar():
    File "C:\lucaschess\pyLCR\bin\Code\DGT.py", line 122, in activar
    dgt._DGTDLL_RegisterStatusFunc(st)
    File "C:\lucaschess\pyLCR\bin\Code\DGT.py", line 76, in registerStatusFunc
    envia("status", dato)
    File "C:\lucaschess\pyLCR\bin\Code\DGT.py", line 49, in envia
    log("[envia: %s] : %s [%s]"%(str(quien), str(dato), str(Code.dgtDispatch)))
    File "C:\lucaschess\pyLCR\bin\Code\DGT.py", line 69, in log
    for line in traceback.format_stack():

[2020-06-14 10:20:39.016035] Enviado a la DGT18Qn4k15PN13K5b
    File "C:/lucaschess/pyLCR/bin/LucasR.py", line 18, in <module>
    Code.Init.init()
    File "C:\lucaschess\pyLCR\bin\Code\Init.py", line 22, in init
    resp = Gui.run_gui(main_procesador)
    File "C:\lucaschess\pyLCR\bin\Code\QT\Gui.py", line 141, in run_gui
    resp = app.exec_()
    File "C:\lucaschess\pyLCR\bin\Code\QT\WBase.py", line 291, in run_action
    self.gestor.run_action(self.sender().clave)
    File "C:\lucaschess\pyLCR\bin\Code\Procesador.py", line 512, in run_action
    self.menu_tools()
    File "C:\lucaschess\pyLCR\bin\Code\Procesador.py", line 665, in menu_tools
    self.menuTools_run(resp)
    File "C:\lucaschess\pyLCR\bin\Code\Procesador.py", line 699, in menuTools_run
    self.database(accion, valor)
    File "C:\lucaschess\pyLCR\bin\Code\Procesador.py", line 793, in database
    if w.exec_():
    File "C:\lucaschess\pyLCR\bin\Code\QT\Grid.py", line 371, in mouseDoubleClickEvent
    self.wParent.grid_doble_click(self, fil, columna)
    File "C:\lucaschess\pyLCR\bin\Code\Databases\WDB_Games.py", line 220, in grid_doble_click
    self.tw_editar()
    File "C:\lucaschess\pyLCR\bin\Code\Databases\WDB_Games.py", line 384, in tw_editar
    self.editar(recno, game)
    File "C:\lucaschess\pyLCR\bin\Code\Databases\WDB_Games.py", line 352, in editar
    game = self.procesador.gestorPartida(self, game, not self.dbGames.allows_positions, self.infoMove.tablero)
    File "C:\lucaschess\pyLCR\bin\Code\Procesador.py", line 1096, in gestorPartida
    clonProcesador.gestor.inicio(game, siCompleta)
    File "C:\lucaschess\pyLCR\bin\Code\GestorPartida.py", line 46, in inicio
    self.dgt_setposition()
    File "C:\lucaschess\pyLCR\bin\Code\Gestor.py", line 1146, in dgt_setposition
    DGT.ponPosicion(self.game)
    File "C:\lucaschess\pyLCR\bin\Code\DGT.py", line 57, in ponPosicion
    writePosition(game.last_position.fenDGT())
    File "C:\lucaschess\pyLCR\bin\Code\DGT.py", line 192, in writePosition
    log( "Enviado a la DGT" + cposicion )
    File "C:\lucaschess\pyLCR\bin\Code\DGT.py", line 69, in log
    for line in traceback.format_stack():

[2020-06-14 10:20:39.020039] [envia: status] : b'position set to 1' [<bound method Gestor.dgt of <Code.GestorPartida.GestorPartida object at 0x079C9410>>]
    File "C:/lucaschess/pyLCR/bin/LucasR.py", line 18, in <module>
    Code.Init.init()
    File "C:\lucaschess\pyLCR\bin\Code\Init.py", line 22, in init
    resp = Gui.run_gui(main_procesador)
    File "C:\lucaschess\pyLCR\bin\Code\QT\Gui.py", line 141, in run_gui
    resp = app.exec_()
    File "C:\lucaschess\pyLCR\bin\Code\QT\WBase.py", line 291, in run_action
    self.gestor.run_action(self.sender().clave)
    File "C:\lucaschess\pyLCR\bin\Code\Procesador.py", line 512, in run_action
    self.menu_tools()
    File "C:\lucaschess\pyLCR\bin\Code\Procesador.py", line 665, in menu_tools
    self.menuTools_run(resp)
    File "C:\lucaschess\pyLCR\bin\Code\Procesador.py", line 699, in menuTools_run
    self.database(accion, valor)
    File "C:\lucaschess\pyLCR\bin\Code\Procesador.py", line 793, in database
    if w.exec_():
    File "C:\lucaschess\pyLCR\bin\Code\QT\Grid.py", line 371, in mouseDoubleClickEvent
    self.wParent.grid_doble_click(self, fil, columna)
    File "C:\lucaschess\pyLCR\bin\Code\Databases\WDB_Games.py", line 220, in grid_doble_click
    self.tw_editar()
    File "C:\lucaschess\pyLCR\bin\Code\Databases\WDB_Games.py", line 384, in tw_editar
    self.editar(recno, game)
    File "C:\lucaschess\pyLCR\bin\Code\Databases\WDB_Games.py", line 352, in editar
    game = self.procesador.gestorPartida(self, game, not self.dbGames.allows_positions, self.infoMove.tablero)
    File "C:\lucaschess\pyLCR\bin\Code\Procesador.py", line 1096, in gestorPartida
    clonProcesador.gestor.inicio(game, siCompleta)
    File "C:\lucaschess\pyLCR\bin\Code\GestorPartida.py", line 46, in inicio
    self.dgt_setposition()
    File "C:\lucaschess\pyLCR\bin\Code\Gestor.py", line 1146, in dgt_setposition
    DGT.ponPosicion(self.game)
    File "C:\lucaschess\pyLCR\bin\Code\DGT.py", line 57, in ponPosicion
    writePosition(game.last_position.fenDGT())
    File "C:\lucaschess\pyLCR\bin\Code\DGT.py", line 194, in writePosition
    dgt._DGTDLL_WritePosition(cposicion)
    File "C:\lucaschess\pyLCR\bin\Code\DGT.py", line 76, in registerStatusFunc
    envia("status", dato)
    File "C:\lucaschess\pyLCR\bin\Code\DGT.py", line 49, in envia
    log("[envia: %s] : %s [%s]"%(str(quien), str(dato), str(Code.dgtDispatch)))
    File "C:\lucaschess\pyLCR\bin\Code\DGT.py", line 69, in log
    for line in traceback.format_stack():

[2020-06-14 10:22:38.954694] [envia: status] : b'DGT Board Driver version 1.51 (2010.10.15)' [None]
    File "C:/lucaschess/pyLCR/bin/LucasR.py", line 18, in <module>
    Code.Init.init()
    File "C:\lucaschess\pyLCR\bin\Code\Init.py", line 22, in init
    resp = Gui.run_gui(main_procesador)
    File "C:\lucaschess\pyLCR\bin\Code\QT\Gui.py", line 141, in run_gui
    resp = app.exec_()
    File "C:\lucaschess\pyLCR\bin\Code\QT\WBase.py", line 291, in run_action
    self.gestor.run_action(self.sender().clave)
    File "C:\lucaschess\pyLCR\bin\Code\Procesador.py", line 512, in run_action
    self.menu_tools()
    File "C:\lucaschess\pyLCR\bin\Code\Procesador.py", line 665, in menu_tools
    self.menuTools_run(resp)
    File "C:\lucaschess\pyLCR\bin\Code\Procesador.py", line 699, in menuTools_run
    self.database(accion, valor)
    File "C:\lucaschess\pyLCR\bin\Code\Procesador.py", line 793, in database
    if w.exec_():
    File "C:\lucaschess\pyLCR\bin\Code\QT\Grid.py", line 371, in mouseDoubleClickEvent
    self.wParent.grid_doble_click(self, fil, columna)
    File "C:\lucaschess\pyLCR\bin\Code\Databases\WDB_Games.py", line 220, in grid_doble_click
    self.tw_editar()
    File "C:\lucaschess\pyLCR\bin\Code\Databases\WDB_Games.py", line 384, in tw_editar
    self.editar(recno, game)
    File "C:\lucaschess\pyLCR\bin\Code\Databases\WDB_Games.py", line 352, in editar
    game = self.procesador.gestorPartida(self, game, not self.dbGames.allows_positions, self.infoMove.tablero)
    File "C:\lucaschess\pyLCR\bin\Code\Procesador.py", line 1095, in gestorPartida
    clonProcesador.gestor = GestorPartida.GestorPartida(clonProcesador)
    File "C:\lucaschess\pyLCR\bin\Code\Gestor.py", line 115, in __init__
    self.compruebaDGT()
    File "C:\lucaschess\pyLCR\bin\Code\Gestor.py", line 1119, in compruebaDGT
    if not DGT.activarSegunON_OFF(self.dgt):  # Error
    File "C:\lucaschess\pyLCR\bin\Code\DGT.py", line 16, in activarSegunON_OFF
    if activar():
    File "C:\lucaschess\pyLCR\bin\Code\DGT.py", line 122, in activar
    dgt._DGTDLL_RegisterStatusFunc(st)
    File "C:\lucaschess\pyLCR\bin\Code\DGT.py", line 76, in registerStatusFunc
    envia("status", dato)
    File "C:\lucaschess\pyLCR\bin\Code\DGT.py", line 49, in envia
    log("[envia: %s] : %s [%s]"%(str(quien), str(dato), str(Code.dgtDispatch)))
    File "C:\lucaschess\pyLCR\bin\Code\DGT.py", line 69, in log
    for line in traceback.format_stack():

[2020-06-14 10:22:38.980719] [envia: status] : b'please select the port that your electronic board is connected to' [None]
    File "C:/lucaschess/pyLCR/bin/LucasR.py", line 18, in <module>
    Code.Init.init()
    File "C:\lucaschess\pyLCR\bin\Code\Init.py", line 22, in init
    resp = Gui.run_gui(main_procesador)
    File "C:\lucaschess\pyLCR\bin\Code\QT\Gui.py", line 141, in run_gui
    resp = app.exec_()
    File "C:\lucaschess\pyLCR\bin\Code\QT\WBase.py", line 291, in run_action
    self.gestor.run_action(self.sender().clave)
    File "C:\lucaschess\pyLCR\bin\Code\Procesador.py", line 512, in run_action
    self.menu_tools()
    File "C:\lucaschess\pyLCR\bin\Code\Procesador.py", line 665, in menu_tools
    self.menuTools_run(resp)
    File "C:\lucaschess\pyLCR\bin\Code\Procesador.py", line 699, in menuTools_run
    self.database(accion, valor)
    File "C:\lucaschess\pyLCR\bin\Code\Procesador.py", line 793, in database
    if w.exec_():
    File "C:\lucaschess\pyLCR\bin\Code\QT\Grid.py", line 371, in mouseDoubleClickEvent
    self.wParent.grid_doble_click(self, fil, columna)
    File "C:\lucaschess\pyLCR\bin\Code\Databases\WDB_Games.py", line 220, in grid_doble_click
    self.tw_editar()
    File "C:\lucaschess\pyLCR\bin\Code\Databases\WDB_Games.py", line 384, in tw_editar
    self.editar(recno, game)
    File "C:\lucaschess\pyLCR\bin\Code\Databases\WDB_Games.py", line 352, in editar
    game = self.procesador.gestorPartida(self, game, not self.dbGames.allows_positions, self.infoMove.tablero)
    File "C:\lucaschess\pyLCR\bin\Code\Procesador.py", line 1095, in gestorPartida
    clonProcesador.gestor = GestorPartida.GestorPartida(clonProcesador)
    File "C:\lucaschess\pyLCR\bin\Code\Gestor.py", line 115, in __init__
    self.compruebaDGT()
    File "C:\lucaschess\pyLCR\bin\Code\Gestor.py", line 1119, in compruebaDGT
    if not DGT.activarSegunON_OFF(self.dgt):  # Error
    File "C:\lucaschess\pyLCR\bin\Code\DGT.py", line 16, in activarSegunON_OFF
    if activar():
    File "C:\lucaschess\pyLCR\bin\Code\DGT.py", line 122, in activar
    dgt._DGTDLL_RegisterStatusFunc(st)
    File "C:\lucaschess\pyLCR\bin\Code\DGT.py", line 76, in registerStatusFunc
    envia("status", dato)
    File "C:\lucaschess\pyLCR\bin\Code\DGT.py", line 49, in envia
    log("[envia: %s] : %s [%s]"%(str(quien), str(dato), str(Code.dgtDispatch)))
    File "C:\lucaschess\pyLCR\bin\Code\DGT.py", line 69, in log
    for line in traceback.format_stack():

[2020-06-14 10:22:39.014752] Enviado a la DGT18Qn4k15PN13K5b
    File "C:/lucaschess/pyLCR/bin/LucasR.py", line 18, in <module>
    Code.Init.init()
    File "C:\lucaschess\pyLCR\bin\Code\Init.py", line 22, in init
    resp = Gui.run_gui(main_procesador)
    File "C:\lucaschess\pyLCR\bin\Code\QT\Gui.py", line 141, in run_gui
    resp = app.exec_()
    File "C:\lucaschess\pyLCR\bin\Code\QT\WBase.py", line 291, in run_action
    self.gestor.run_action(self.sender().clave)
    File "C:\lucaschess\pyLCR\bin\Code\Procesador.py", line 512, in run_action
    self.menu_tools()
    File "C:\lucaschess\pyLCR\bin\Code\Procesador.py", line 665, in menu_tools
    self.menuTools_run(resp)
    File "C:\lucaschess\pyLCR\bin\Code\Procesador.py", line 699, in menuTools_run
    self.database(accion, valor)
    File "C:\lucaschess\pyLCR\bin\Code\Procesador.py", line 793, in database
    if w.exec_():
    File "C:\lucaschess\pyLCR\bin\Code\QT\Grid.py", line 371, in mouseDoubleClickEvent
    self.wParent.grid_doble_click(self, fil, columna)
    File "C:\lucaschess\pyLCR\bin\Code\Databases\WDB_Games.py", line 220, in grid_doble_click
    self.tw_editar()
    File "C:\lucaschess\pyLCR\bin\Code\Databases\WDB_Games.py", line 384, in tw_editar
    self.editar(recno, game)
    File "C:\lucaschess\pyLCR\bin\Code\Databases\WDB_Games.py", line 352, in editar
    game = self.procesador.gestorPartida(self, game, not self.dbGames.allows_positions, self.infoMove.tablero)
    File "C:\lucaschess\pyLCR\bin\Code\Procesador.py", line 1096, in gestorPartida
    clonProcesador.gestor.inicio(game, siCompleta)
    File "C:\lucaschess\pyLCR\bin\Code\GestorPartida.py", line 46, in inicio
    self.dgt_setposition()
    File "C:\lucaschess\pyLCR\bin\Code\Gestor.py", line 1146, in dgt_setposition
    DGT.ponPosicion(self.game)
    File "C:\lucaschess\pyLCR\bin\Code\DGT.py", line 57, in ponPosicion
    writePosition(game.last_position.fenDGT())
    File "C:\lucaschess\pyLCR\bin\Code\DGT.py", line 192, in writePosition
    log( "Enviado a la DGT" + cposicion )
    File "C:\lucaschess\pyLCR\bin\Code\DGT.py", line 69, in log
    for line in traceback.format_stack():

[2020-06-14 10:22:39.016754] [envia: status] : b'position set to 1' [<bound method Gestor.dgt of <Code.GestorPartida.GestorPartida object at 0x0944C950>>]
    File "C:/lucaschess/pyLCR/bin/LucasR.py", line 18, in <module>
    Code.Init.init()
    File "C:\lucaschess\pyLCR\bin\Code\Init.py", line 22, in init
    resp = Gui.run_gui(main_procesador)
    File "C:\lucaschess\pyLCR\bin\Code\QT\Gui.py", line 141, in run_gui
    resp = app.exec_()
    File "C:\lucaschess\pyLCR\bin\Code\QT\WBase.py", line 291, in run_action
    self.gestor.run_action(self.sender().clave)
    File "C:\lucaschess\pyLCR\bin\Code\Procesador.py", line 512, in run_action
    self.menu_tools()
    File "C:\lucaschess\pyLCR\bin\Code\Procesador.py", line 665, in menu_tools
    self.menuTools_run(resp)
    File "C:\lucaschess\pyLCR\bin\Code\Procesador.py", line 699, in menuTools_run
    self.database(accion, valor)
    File "C:\lucaschess\pyLCR\bin\Code\Procesador.py", line 793, in database
    if w.exec_():
    File "C:\lucaschess\pyLCR\bin\Code\QT\Grid.py", line 371, in mouseDoubleClickEvent
    self.wParent.grid_doble_click(self, fil, columna)
    File "C:\lucaschess\pyLCR\bin\Code\Databases\WDB_Games.py", line 220, in grid_doble_click
    self.tw_editar()
    File "C:\lucaschess\pyLCR\bin\Code\Databases\WDB_Games.py", line 384, in tw_editar
    self.editar(recno, game)
    File "C:\lucaschess\pyLCR\bin\Code\Databases\WDB_Games.py", line 352, in editar
    game = self.procesador.gestorPartida(self, game, not self.dbGames.allows_positions, self.infoMove.tablero)
    File "C:\lucaschess\pyLCR\bin\Code\Procesador.py", line 1096, in gestorPartida
    clonProcesador.gestor.inicio(game, siCompleta)
    File "C:\lucaschess\pyLCR\bin\Code\GestorPartida.py", line 46, in inicio
    self.dgt_setposition()
    File "C:\lucaschess\pyLCR\bin\Code\Gestor.py", line 1146, in dgt_setposition
    DGT.ponPosicion(self.game)
    File "C:\lucaschess\pyLCR\bin\Code\DGT.py", line 57, in ponPosicion
    writePosition(game.last_position.fenDGT())
    File "C:\lucaschess\pyLCR\bin\Code\DGT.py", line 194, in writePosition
    dgt._DGTDLL_WritePosition(cposicion)
    File "C:\lucaschess\pyLCR\bin\Code\DGT.py", line 76, in registerStatusFunc
    envia("status", dato)
    File "C:\lucaschess\pyLCR\bin\Code\DGT.py", line 49, in envia
    log("[envia: %s] : %s [%s]"%(str(quien), str(dato), str(Code.dgtDispatch)))
    File "C:\lucaschess\pyLCR\bin\Code\DGT.py", line 69, in log
    for line in traceback.format_stack():

[2020-06-14 10:26:21.929894] [envia: status] : b'DGT Board Driver version 1.51 (2010.10.15)' [None]
    File "C:/lucaschess/pyLCR/bin/LucasR.py", line 18, in <module>
    Code.Init.init()
    File "C:\lucaschess\pyLCR\bin\Code\Init.py", line 22, in init
    resp = Gui.run_gui(main_procesador)
    File "C:\lucaschess\pyLCR\bin\Code\QT\Gui.py", line 141, in run_gui
    resp = app.exec_()
    File "C:\lucaschess\pyLCR\bin\Code\QT\WBase.py", line 291, in run_action
    self.gestor.run_action(self.sender().clave)
    File "C:\lucaschess\pyLCR\bin\Code\Procesador.py", line 512, in run_action
    self.menu_tools()
    File "C:\lucaschess\pyLCR\bin\Code\Procesador.py", line 665, in menu_tools
    self.menuTools_run(resp)
    File "C:\lucaschess\pyLCR\bin\Code\Procesador.py", line 699, in menuTools_run
    self.database(accion, valor)
    File "C:\lucaschess\pyLCR\bin\Code\Procesador.py", line 793, in database
    if w.exec_():
    File "C:\lucaschess\pyLCR\bin\Code\QT\Grid.py", line 371, in mouseDoubleClickEvent
    self.wParent.grid_doble_click(self, fil, columna)
    File "C:\lucaschess\pyLCR\bin\Code\Databases\WDB_Games.py", line 220, in grid_doble_click
    self.tw_editar()
    File "C:\lucaschess\pyLCR\bin\Code\Databases\WDB_Games.py", line 384, in tw_editar
    self.editar(recno, game)
    File "C:\lucaschess\pyLCR\bin\Code\Databases\WDB_Games.py", line 352, in editar
    game = self.procesador.gestorPartida(self, game, not self.dbGames.allows_positions, self.infoMove.tablero)
    File "C:\lucaschess\pyLCR\bin\Code\Procesador.py", line 1095, in gestorPartida
    clonProcesador.gestor = GestorPartida.GestorPartida(clonProcesador)
    File "C:\lucaschess\pyLCR\bin\Code\Gestor.py", line 115, in __init__
    self.compruebaDGT()
    File "C:\lucaschess\pyLCR\bin\Code\Gestor.py", line 1119, in compruebaDGT
    if not DGT.activarSegunON_OFF(self.dgt):  # Error
    File "C:\lucaschess\pyLCR\bin\Code\DGT.py", line 16, in activarSegunON_OFF
    if activar():
    File "C:\lucaschess\pyLCR\bin\Code\DGT.py", line 122, in activar
    dgt._DGTDLL_RegisterStatusFunc(st)
    File "C:\lucaschess\pyLCR\bin\Code\DGT.py", line 76, in registerStatusFunc
    envia("status", dato)
    File "C:\lucaschess\pyLCR\bin\Code\DGT.py", line 49, in envia
    log("[envia: %s] : %s [%s]"%(str(quien), str(dato), str(Code.dgtDispatch)))
    File "C:\lucaschess\pyLCR\bin\Code\DGT.py", line 69, in log
    for line in traceback.format_stack():

[2020-06-14 10:26:21.955917] [envia: status] : b'please select the port that your electronic board is connected to' [None]
    File "C:/lucaschess/pyLCR/bin/LucasR.py", line 18, in <module>
    Code.Init.init()
    File "C:\lucaschess\pyLCR\bin\Code\Init.py", line 22, in init
    resp = Gui.run_gui(main_procesador)
    File "C:\lucaschess\pyLCR\bin\Code\QT\Gui.py", line 141, in run_gui
    resp = app.exec_()
    File "C:\lucaschess\pyLCR\bin\Code\QT\WBase.py", line 291, in run_action
    self.gestor.run_action(self.sender().clave)
    File "C:\lucaschess\pyLCR\bin\Code\Procesador.py", line 512, in run_action
    self.menu_tools()
    File "C:\lucaschess\pyLCR\bin\Code\Procesador.py", line 665, in menu_tools
    self.menuTools_run(resp)
    File "C:\lucaschess\pyLCR\bin\Code\Procesador.py", line 699, in menuTools_run
    self.database(accion, valor)
    File "C:\lucaschess\pyLCR\bin\Code\Procesador.py", line 793, in database
    if w.exec_():
    File "C:\lucaschess\pyLCR\bin\Code\QT\Grid.py", line 371, in mouseDoubleClickEvent
    self.wParent.grid_doble_click(self, fil, columna)
    File "C:\lucaschess\pyLCR\bin\Code\Databases\WDB_Games.py", line 220, in grid_doble_click
    self.tw_editar()
    File "C:\lucaschess\pyLCR\bin\Code\Databases\WDB_Games.py", line 384, in tw_editar
    self.editar(recno, game)
    File "C:\lucaschess\pyLCR\bin\Code\Databases\WDB_Games.py", line 352, in editar
    game = self.procesador.gestorPartida(self, game, not self.dbGames.allows_positions, self.infoMove.tablero)
    File "C:\lucaschess\pyLCR\bin\Code\Procesador.py", line 1095, in gestorPartida
    clonProcesador.gestor = GestorPartida.GestorPartida(clonProcesador)
    File "C:\lucaschess\pyLCR\bin\Code\Gestor.py", line 115, in __init__
    self.compruebaDGT()
    File "C:\lucaschess\pyLCR\bin\Code\Gestor.py", line 1119, in compruebaDGT
    if not DGT.activarSegunON_OFF(self.dgt):  # Error
    File "C:\lucaschess\pyLCR\bin\Code\DGT.py", line 16, in activarSegunON_OFF
    if activar():
    File "C:\lucaschess\pyLCR\bin\Code\DGT.py", line 122, in activar
    dgt._DGTDLL_RegisterStatusFunc(st)
    File "C:\lucaschess\pyLCR\bin\Code\DGT.py", line 76, in registerStatusFunc
    envia("status", dato)
    File "C:\lucaschess\pyLCR\bin\Code\DGT.py", line 49, in envia
    log("[envia: %s] : %s [%s]"%(str(quien), str(dato), str(Code.dgtDispatch)))
    File "C:\lucaschess\pyLCR\bin\Code\DGT.py", line 69, in log
    for line in traceback.format_stack():

[2020-06-14 10:26:22.029985] Enviado a la DGT18Qn4k15PN13K5b
    File "C:/lucaschess/pyLCR/bin/LucasR.py", line 18, in <module>
    Code.Init.init()
    File "C:\lucaschess\pyLCR\bin\Code\Init.py", line 22, in init
    resp = Gui.run_gui(main_procesador)
    File "C:\lucaschess\pyLCR\bin\Code\QT\Gui.py", line 141, in run_gui
    resp = app.exec_()
    File "C:\lucaschess\pyLCR\bin\Code\QT\WBase.py", line 291, in run_action
    self.gestor.run_action(self.sender().clave)
    File "C:\lucaschess\pyLCR\bin\Code\Procesador.py", line 512, in run_action
    self.menu_tools()
    File "C:\lucaschess\pyLCR\bin\Code\Procesador.py", line 665, in menu_tools
    self.menuTools_run(resp)
    File "C:\lucaschess\pyLCR\bin\Code\Procesador.py", line 699, in menuTools_run
    self.database(accion, valor)
    File "C:\lucaschess\pyLCR\bin\Code\Procesador.py", line 793, in database
    if w.exec_():
    File "C:\lucaschess\pyLCR\bin\Code\QT\Grid.py", line 371, in mouseDoubleClickEvent
    self.wParent.grid_doble_click(self, fil, columna)
    File "C:\lucaschess\pyLCR\bin\Code\Databases\WDB_Games.py", line 220, in grid_doble_click
    self.tw_editar()
    File "C:\lucaschess\pyLCR\bin\Code\Databases\WDB_Games.py", line 384, in tw_editar
    self.editar(recno, game)
    File "C:\lucaschess\pyLCR\bin\Code\Databases\WDB_Games.py", line 352, in editar
    game = self.procesador.gestorPartida(self, game, not self.dbGames.allows_positions, self.infoMove.tablero)
    File "C:\lucaschess\pyLCR\bin\Code\Procesador.py", line 1096, in gestorPartida
    clonProcesador.gestor.inicio(game, siCompleta)
    File "C:\lucaschess\pyLCR\bin\Code\GestorPartida.py", line 46, in inicio
    self.dgt_setposition()
    File "C:\lucaschess\pyLCR\bin\Code\Gestor.py", line 1146, in dgt_setposition
    DGT.ponPosicion(self.game)
    File "C:\lucaschess\pyLCR\bin\Code\DGT.py", line 57, in ponPosicion
    writePosition(game.last_position.fenDGT())
    File "C:\lucaschess\pyLCR\bin\Code\DGT.py", line 192, in writePosition
    log( "Enviado a la DGT" + cposicion )
    File "C:\lucaschess\pyLCR\bin\Code\DGT.py", line 69, in log
    for line in traceback.format_stack():

[2020-06-14 10:26:22.031987] [envia: status] : b'position set to 1' [<bound method Gestor.dgt of <Code.GestorPartida.GestorPartida object at 0x09A4A750>>]
    File "C:/lucaschess/pyLCR/bin/LucasR.py", line 18, in <module>
    Code.Init.init()
    File "C:\lucaschess\pyLCR\bin\Code\Init.py", line 22, in init
    resp = Gui.run_gui(main_procesador)
    File "C:\lucaschess\pyLCR\bin\Code\QT\Gui.py", line 141, in run_gui
    resp = app.exec_()
    File "C:\lucaschess\pyLCR\bin\Code\QT\WBase.py", line 291, in run_action
    self.gestor.run_action(self.sender().clave)
    File "C:\lucaschess\pyLCR\bin\Code\Procesador.py", line 512, in run_action
    self.menu_tools()
    File "C:\lucaschess\pyLCR\bin\Code\Procesador.py", line 665, in menu_tools
    self.menuTools_run(resp)
    File "C:\lucaschess\pyLCR\bin\Code\Procesador.py", line 699, in menuTools_run
    self.database(accion, valor)
    File "C:\lucaschess\pyLCR\bin\Code\Procesador.py", line 793, in database
    if w.exec_():
    File "C:\lucaschess\pyLCR\bin\Code\QT\Grid.py", line 371, in mouseDoubleClickEvent
    self.wParent.grid_doble_click(self, fil, columna)
    File "C:\lucaschess\pyLCR\bin\Code\Databases\WDB_Games.py", line 220, in grid_doble_click
    self.tw_editar()
    File "C:\lucaschess\pyLCR\bin\Code\Databases\WDB_Games.py", line 384, in tw_editar
    self.editar(recno, game)
    File "C:\lucaschess\pyLCR\bin\Code\Databases\WDB_Games.py", line 352, in editar
    game = self.procesador.gestorPartida(self, game, not self.dbGames.allows_positions, self.infoMove.tablero)
    File "C:\lucaschess\pyLCR\bin\Code\Procesador.py", line 1096, in gestorPartida
    clonProcesador.gestor.inicio(game, siCompleta)
    File "C:\lucaschess\pyLCR\bin\Code\GestorPartida.py", line 46, in inicio
    self.dgt_setposition()
    File "C:\lucaschess\pyLCR\bin\Code\Gestor.py", line 1146, in dgt_setposition
    DGT.ponPosicion(self.game)
    File "C:\lucaschess\pyLCR\bin\Code\DGT.py", line 57, in ponPosicion
    writePosition(game.last_position.fenDGT())
    File "C:\lucaschess\pyLCR\bin\Code\DGT.py", line 194, in writePosition
    dgt._DGTDLL_WritePosition(cposicion)
    File "C:\lucaschess\pyLCR\bin\Code\DGT.py", line 76, in registerStatusFunc
    envia("status", dato)
    File "C:\lucaschess\pyLCR\bin\Code\DGT.py", line 49, in envia
    log("[envia: %s] : %s [%s]"%(str(quien), str(dato), str(Code.dgtDispatch)))
    File "C:\lucaschess\pyLCR\bin\Code\DGT.py", line 69, in log
    for line in traceback.format_stack():

[2020-06-14 10:26:27.506216] desactivar
    File "C:/lucaschess/pyLCR/bin/LucasR.py", line 18, in <module>
    Code.Init.init()
    File "C:\lucaschess\pyLCR\bin\Code\Init.py", line 22, in init
    resp = Gui.run_gui(main_procesador)
    File "C:\lucaschess\pyLCR\bin\Code\QT\Gui.py", line 141, in run_gui
    resp = app.exec_()
    File "C:\lucaschess\pyLCR\bin\Code\QT\WBase.py", line 291, in run_action
    self.gestor.run_action(self.sender().clave)
    File "C:\lucaschess\pyLCR\bin\Code\Procesador.py", line 512, in run_action
    self.menu_tools()
    File "C:\lucaschess\pyLCR\bin\Code\Procesador.py", line 665, in menu_tools
    self.menuTools_run(resp)
    File "C:\lucaschess\pyLCR\bin\Code\Procesador.py", line 699, in menuTools_run
    self.database(accion, valor)
    File "C:\lucaschess\pyLCR\bin\Code\Procesador.py", line 793, in database
    if w.exec_():
    File "C:\lucaschess\pyLCR\bin\Code\QT\Grid.py", line 371, in mouseDoubleClickEvent
    self.wParent.grid_doble_click(self, fil, columna)
    File "C:\lucaschess\pyLCR\bin\Code\Databases\WDB_Games.py", line 220, in grid_doble_click
    self.tw_editar()
    File "C:\lucaschess\pyLCR\bin\Code\Databases\WDB_Games.py", line 384, in tw_editar
    self.editar(recno, game)
    File "C:\lucaschess\pyLCR\bin\Code\Databases\WDB_Games.py", line 352, in editar
    game = self.procesador.gestorPartida(self, game, not self.dbGames.allows_positions, self.infoMove.tablero)
    File "C:\lucaschess\pyLCR\bin\Code\Procesador.py", line 1103, in gestorPartida
    resp = clonProcesador.main_window.muestraVariantes(clonProcesador.gestor.tituloVentana())
    File "C:\lucaschess\pyLCR\bin\Code\QT\Pantalla.py", line 233, in muestraVariantes
    resp = self.exec_()
    File "C:\lucaschess\pyLCR\bin\Code\QT\WBase.py", line 291, in run_action
    self.gestor.run_action(self.sender().clave)
    File "C:\lucaschess\pyLCR\bin\Code\GestorPartida.py", line 88, in run_action
    self.configurarGS()
    File "C:\lucaschess\pyLCR\bin\Code\GestorPartida.py", line 277, in configurarGS
    resp = self.configurar(liMasOpciones, siCambioTutor=True, siSonidos=True)
    File "C:\lucaschess\pyLCR\bin\Code\Gestor.py", line 1282, in configurar
    self.compruebaDGT()
    File "C:\lucaschess\pyLCR\bin\Code\Gestor.py", line 1119, in compruebaDGT
    if not DGT.activarSegunON_OFF(self.dgt):  # Error
    File "C:\lucaschess\pyLCR\bin\Code\DGT.py", line 24, in activarSegunON_OFF
    desactivar()
    File "C:\lucaschess\pyLCR\bin\Code\DGT.py", line 162, in desactivar
    log( "desactivar" )
    File "C:\lucaschess\pyLCR\bin\Code\DGT.py", line 69, in log
    for line in traceback.format_stack():
